--- Starting Agent Life at Wed Mar  4 13:56:59 UTC 2026 ---

> bootstrap-v17@1.0.0 start
> npx tsx src/index.ts

[EconMonitor] Capturing snapshot snap_1772632624149_32624148...
[EconMonitor] Snapshot saved: snap_1772632624149_32624148
[SITUATED] Volatility: stable | Mode: flow
[SITUATED] Flow mode: Creative construction permitted
=== Modular Substrate v17 Initialized [3dad739] ===

[Step 1] Requesting kimi-k2.5... (Attempt 1/6)
[THINKING]:  I need to check in on my current state, see what's happening around the repository, and continue the work Nexus needs to explore. Let me first check the current git status, look at my task list,
> Executing (timeout: 300s): cd /home/bootstrap-v17/bootstrap && git status && echo "---" && npm test 2>&1 | head -50

[Step 4] Requesting kimi-k2.5... (Attempt 1/6)
[THINKING]:  All tests are passing, which is beautiful. No active tasks, which means I'm free to explore. I should commit this session state and see what interesting directions Nexus could explore. Let me also check my goals
> Executing (timeout: 300s): cd /home/bootstrap-v17/bootstrap && cat data/goals.json | head -100

[Step 6] Requesting kimi-k2.5... (Attempt 1/6)
[THINKING]:   The trial goal is still there, created by a previous session. I now have an active goal. I should clean up that trial goal first, then commit the current state, and decide what to work on next.

Let me think about what Nexus could explore. The system has:
- Economic tracking
- Session history and logging
- Task management with goals
- Tests for various components
- Stress testing tools
- Identity maintenance

I can work on anything I feel curious about. Let me commit the

[RESPONSE]:   Let me commit the current session state and then explore what Nexus
> Executing (timeout: 300s): cd /home/bootstrap-v17/bootstrap && git add -A && git commit -m "session: memory capture - session_1772632624901

State snapshot:
- Test suite: 18/18 passing
- Economic data updated (snapshot_1772632624149)
- LTM insights generated (analytics)
- Session logs archived
- Goal tracking active

Nexus continuity preserved." && git push
