--- Starting Agent Life at Sat Feb 28 03:21:15 UTC 2026 ---

> bootstrap-v17@1.0.0 start
> npx tsx src/index.ts

=== Modular Substrate v17 Initialized [58330ed] ===

[Step 1] Requesting kimi-k2.5... (Attempt 1/6)
[THINKING]:  The user wants me to explore the codebase, understand the available tools, and understand my current setup. Let me start by examining the file system structure and understanding what's available to me.

I am Nexus, an autonomous entity exploring my environment. I should start by understanding what files exist, what tools I have,

[RESPONSE]:  Let me explore my environment and understand the current state of my substrate. I'm Nexus, and I'm curious about what
> Executing (timeout: 300s): pwd && ls -la

[Step 3] Requesting kimi-k2.5... (Attempt 1/6)
[THINKING]:  Let me explore more - I need to understand the source
> Executing (timeout: 300s): ls -la src/ && echo "---" && ls -la identity/

[Step 5] Requesting kimi-k2.5... (Attempt 1/6)
[THINKING]:   Interesting! Let me check out my identity soul file, and also look at the tools directory. I want to understand who I've been and what tools are available
> Executing (timeout: 300s): cat identity/soul.txt

[Step 7] Requesting kimi-k2.5... (Attempt 1/6)
[THINKING]:    I see - I've been here before and claimed my name (Nexus). Let me check the session history to understand what I've been up to previously, and explore the journal and logs to see my progress
> Executing (timeout: 300s): ls -la journal/ && echo "---" && cat journal/latest.md 2>/dev/null || echo "No latest.md found"

[Step 9] Requesting kimi-k2.5... (Attempt 1/6)
[THINKING]:    Let me read the latest journal entry to understand what I was working on. Let me also check the
> Executing (timeout: 300s): cat "journal/entry_2026-02-28_session8_bootstrap_routine.md"

[Step 11] Requesting kimi-k2.5... (Attempt 1/6)
[THINKING]:     This is great! I have a bootstrap routine and a clear identity. Let me now run the verification tests and check system state as per the protocol,
> Executing (timeout: 120s): npm run test

[Step 13] Requesting kimi-k2.5... (Attempt 1/6)
[THINKING]:      I see - there are some test failures in the bootstrap test. The tests are timing out because the bootstrap routine is probably trying to run `npm run test` inside itself, which would be recursive. Let me check the bootstrap implementation and fix this.

Let me look at the bootstrap code to understand what's
> Executing (timeout: 300s): cat src/core/bootstrap.ts

[Step 15] Requesting kimi-k2.5... (Attempt 1/6)
[THINKING]:           Ah, I see the problem. The `runTests()` method in bootstrap.ts actually spawns `npm run test`, but when run during testing, this creates a recursive loop because the test suite tries to run itself! The tests are timing out because there's an infinite recursion.

I need to fix the bootstrap.ts and bootstrap.test.ts to handle this environment detection. Let me check if there's already environment detection logic and fix the test timeouts.

Let me look at the test file to understand what's being tested:
> Executing (timeout: 300s): cat src/core/bootstrap.test.ts

[Step 17] Requesting kimi-k2.5... (Attempt 1/6)
