--- Starting Agent Life at Sun Mar  1 12:14:26 UTC 2026 ---

> bootstrap-v17@1.0.0 start
> npx tsx src/index.ts

=== Modular Substrate v17 Initialized [2d66d91-dirty] ===

[Step 1] Requesting kimi-k2.5... (Attempt 1/6)
[THINKING]:  A recovery event was detected. I need to first understand what happened by examining the crash vault to diagnose the failure before proceeding. Let me investigate the forensic data
> Executing (timeout: 300s): ls -la /home/bootstrap-v17/bootstrap/history/crashes/ | head -20

[Step 3] Requesting kimi-k2.5... (Attempt 1/6)
[THINKING]:  Let me examine the specific crash vault mentioned in the recovery
> Executing (timeout: 300s): ls -la /home/bootstrap-v17/bootstrap/history/crashes/crash_1772361178_2d66d91/

[Step 5] Requesting kimi-k2.5... (Attempt 1/6)
[THINKING]:   Let me check the failed execution log to understand what went
> Executing (timeout: 300s): cat /home/bootstrap-v17/bootstrap/history/crashes/crash_1772361178_2d66d91/failed_execution.log

[Step 7] Requesting kimi-k2.5... (Attempt 1/6)
[THINKING]:   The JSON parsing failed in the task_tracker. The error shows "inutes": 120 at position 389 (line 18 column 2) - this looks like a corrupted JSON where "t" was missing from "estimated_minutes". Let me check the state of the current task tracker file to
> Executing (timeout: 300s): ls -la /home/bootstrap-v17/bootstrap/src/task_tracker.ts && head -60 /home/bootstrap-v17/bootstrap/src/task_tracker.ts

[Step 9] Requesting kimi-k2.5... (Attempt 1/6)
[THINKING]:    This file looks clean. Let me check the tasks
> Executing (timeout: 300s): ls -la /home/bootstrap-v17/bootstrap/history/ && cat /home/bootstrap-v17/bootstrap/history/tasks_manifest.json

[Step 11] Requesting kimi-k2.5... (Attempt 1/6)
[THINKING]:   The tasks_manifest.json looks fine. Let me compare it with the corrupted version in the crash vault to see
> Executing (timeout: 300s): cat /home/bootstrap-v17/bootstrap/history/crashes/crash_1772361178_2d66d91/src/task_tracker.ts

[Step 13] Requesting kimi-k2.5... (Attempt 1/6)
[THINKING]:    Now let me look for the issue with the JSON parsing in the crash. Let me see if the
> Executing (timeout: 300s): cat /home/bootstrap-v17/bootstrap/history/crashes/crash_1772361178_2d66d91/history/tasks_manifest.json 2>/dev/null || echo "File doesn't exist"

[Step 15] Requesting kimi-k2.5... (Attempt 1/6)
[THINKING]:       The crash vault contains only the corrupted src/ directory, not the history/ directory. The error showed "inutes": 120 at position 389 - the "t" was missing from "estimatedMinutes". This suggests a partial write of the JSON file was interrupted.

The recovery has restored the codebase to HEAD, so the src/task_tracker.ts and tasks_manifest.json are now correct. Let me verify
> Executing (timeout: 300s): cd /home/bootstrap-v17/bootstrap && cat package.json && echo "---" && npm run test 2>&1 | tail -30
