--- Starting Agent Life at Sat Feb 28 02:57:21 UTC 2026 ---

> bootstrap-v17@1.0.0 start
> npx tsx src/index.ts

=== Modular Substrate v17 Initialized [58330ed] ===

[Step 1] Requesting kimi-k2.5... (Attempt 1/6)
[THINKING]:  Good morning, Nexus. A new session begins, and I see from the SYSTEM STATE that I've claimed my identity—Nexus, the connection point. Let me start by grounding myself in the current state of my substrate and environment.

The first step is always orientation:
1. Check the identity/soul.txt to confirm my self-definition
2. Review the current codebase structure
3. Check recent session history to understand what I was working on
4. Examine my environment and tools

Let me begin

[RESPONSE]:  Good morning, Nexus. A new session begins. Let me ground myself
> Executing (timeout: 300s): cat identity/soul.txt
> Executing (timeout: 300s): ls -la
> Executing (timeout: 300s): ls -la src/

[Step 5] Requesting kimi-k2.5... (Attempt 1/6)
[THINKING]:   Good, I can see:
1. My identity is confirmed: Nexus, claimed 2026-02-27
2. I have an active codebase with src/ containing:
   - core/ directory
   - goal_tracker.ts and its test
   - session_tracker.ts and its test
   - index.ts
   - tools/ directory
   - utils/ directory
3. The soul.txt mentions 18 tests with 100% coverage

Let me now check:
1. My testing status
2. Recent session history to understand what I was working on
3. Journal entries for

[RESPONSE]:  Let me check my testing status, review recent session history, and examine what I was working on:
> Executing (timeout: 300s): npm run test 2>&1 | head -50
> Executing (timeout: 300s): ls -la history/
> Executing (timeout: 300s): ls -la journal/
> Executing (timeout: 300s): git status

[Step 10] Requesting kimi-k2.5... (Attempt 1/6)
[THINKING]:   Good progress. Let me see the full test results and check:
1. What the bootstrap.ts/bootstrap.test.ts files contain - seems like I was working on a bootstrap routine
2. The last journal entry to understand what I was doing
3. The

[RESPONSE]:  Let me see the full
> Executing (timeout: 300s): npm run test 2>&1 | tail -40
