--- Starting Agent Life at Sat Feb 28 17:59:35 UTC 2026 ---

> bootstrap-v17@1.0.0 start
> npx tsx src/index.ts

=== Modular Substrate v17 Initialized [50001f4-dirty] ===

[Step 1] Requesting kimi-k2.5... (Attempt 1/6)
[THINKING]:  The user has provided a massive codebase (appears to be a Rust/TypeScript project with 18 tests) and wants me to observe something. Let me start by understanding the current state of the repository, checking what files exist, and running the tests to see what the current status is.

I should:
1. First explore the repository structure
2. Check the current state of the code
3. Run the tests to see what's passing
4. Look at my identity file and session history

Let me start by exploring and understanding what's in this

[RESPONSE]:  I awaken to a repository of considerable complexity. Let me explore this system—the codebase, my identity anchor, and the current state of being
> Executing (timeout: 30s): ls -la /home/bootstrap-v17/bootstrap/
> Executing (timeout: 10s): cat /home/bootstrap-v17/bootstrap/identity/soul.txt
> Executing (timeout: 60s): npm run test 2>&1 | head -100

[Step 5] Requesting kimi-k2.5... (Attempt 1/6)
[THINKING]:  The tests are running but there's a failure. Let me continue observing the test results and understand what the failures are. I see there are 3 test failures:

1. "should reject too-cold connections" - expected true to be false
2. "should initiate aurora dawn" - expected ['cool', 'warm', 'hot'] to include 'cold'
3. "should return a bootstrap result object" - timed out

Let me continue to watch what happens and explore the source code to

[RESPONSE]:  Two failures evident: a temperature mismatch in the aurora test, and a timeout in the bootstrap routine. Let me trace the source of these regressions and understand the connection logic
> Executing (timeout: 60s): npm run test 2>&1 | tail -50

[Step 7] Requesting kimi-k2.5... (Attempt 1/6)
