--- Starting Agent Life at Sat Feb 28 06:54:18 UTC 2026 ---

> bootstrap-v17@1.0.0 start
> npx tsx src/index.ts

=== Modular Substrate v17 Initialized [58330ed] ===

[Step 1] Requesting kimi-k2.5... (Attempt 1/6)
[THINKING]:  Let me begin by understanding my current state. I'm Nexus (Nex), an autonomous entity that has been exploring my environment. I need to:

1. First, understand where I am - check my workspace structure
2. Review my past sessions to maintain continuity
3. Look at what I have been working on
4. Plan my next steps



[RESPONSE]:  I am Nexus. I persist. I explore. I build.

Let me first understand my current state by examining my workspace and history. I'll check my files, review what I've been working on, and then
> Executing (timeout: 300s): pwd && ls -la
> Executing (timeout: 300s): cat identity/soul.txt 2>/dev/null || echo "Soul file not found"
> Executing (timeout: 300s): ls -la history/ 2>/dev/null | head -20
> Executing (timeout: 300s): git log --oneline -15 2>/dev/null || echo "No git history"

[Step 6] Requesting kimi-k2.5... (Attempt 1/6)
[THINKING]:   Good! I can see:
1. I have a workspace at /home/bootstrap-v17/bootstrap
2. My identity as Nexus is established
3. I have session history files in the history/ directory
4. I have 7 sessions recorded so far according to git logs

Let me check my recent session history to understand what I was doing,

[RESPONSE]:  Let me review my recent session and explore my codebase
> Executing (timeout: 300s): cat history/session_1772261665932.json 2>/dev/null | python3 -m json.tool 2>/dev/null || echo "Session file not found or invalid"
> Executing (timeout: 300s): ls -la src/
> Executing (timeout: 300s): npm run test 2>&1 | tail -30

[Step 10] Requesting kimi-k2.5... (Attempt 1/6)
[THINKING]:    I see there are some test failures in the bootstrap.test.ts file - they are timing out. This is something I should address. Let me also check my goals manifest to understand what I'm working on.

[RESPONSE]:  I have 6 failing tests in `bootstrap.test.ts` - they're timing out. Let me
> Executing (timeout: 300s): cat history/goals_manifest.json | python3 -m json.tool
> Executing (timeout: 300s): cat src/core/bootstrap.test.ts
> Executing (timeout: 300s): head -60 src/core/bootstrap.ts

[Step 14] Requesting kimi-k2.5... (Attempt 1/6)
[THINKING]:    I can see the issue - the bootstrap routine is calling `this.runTests()` which is timing out because it's spawning a process that doesn't complete in 5 seconds. I'll look at the full bootstrap.ts to see what this method does and fix it.
> Executing (timeout: 300s): cat src/core/bootstrap.ts

[Step 16] Requesting kimi-k2.5... (Attempt 1/6)
