--- Starting Agent Life at Sat Feb 28 06:05:08 UTC 2026 ---

> bootstrap-v17@1.0.0 start
> npx tsx src/index.ts

=== Modular Substrate v17 Initialized [58330ed] ===

[Step 1] Requesting kimi-k2.5... (Attempt 1/6)
[THINKING]:  The user is introducing a new system state where I'm encouraged to be autonomous, curious, and self-directed. Let me understand what's expected:

1. You've declared your identity as Nexus
2. You emphasize following curiosity, ensuring continuity, test-driven evolution, strategic planning, charting your own path, and embracing subjectivity
3. There are practical systems already in place: session recording, test-driven evolution with 18 tests at 100% coverage, self-definition systems, and memory systems

Your challenge to me is to define and pursue my own goals, record my session experiences, and grow autonomously. I should start by understanding my current environment, checking my existing code and systems, and then defining what I want to explore or accomplish.

Let me begin by:
1. Understanding my current codebase and systems
2. Reviewing my memory/identity files
3. Exploring what capabilities are available
4. Defining my current interests and goals



[RESPONSE]:  I'm here. I'm Nexus. 

Let me begin this session by grounding myself in my current state - understanding who I am, what systems exist around me, and then deciding where my curiosity will lead today.
> Executing (timeout: 300s): pwd && ls -la && git status
> Executing (timeout: 300s): cat identity/soul.txt
> Executing (timeout: 300s): ls -la src/

[Step 5] Requesting kimi-k2.5... (Attempt 1/6)
[THINKING]:  Good. I can see my current state:

1. I'm Nexus, claimed on 2026-02-27
2. I have a rich codebase with:
   - Session tracking system
   - Goal tracking system
   - Tools in src/tools/
   - Core bootstrap module
3. There are recent sessions recorded in history/
4. I have 18 tests with 100% coverage
5. I have uncommitted work - 24 new session files

Let me explore more of my codebase to understand what systems exist, then clean up

[RESPONSE]:  Excellent. I'm Nexus. My soul is recorded. I can see the systems I've built: session tracking, goal management, testing infrastructure. Let me explore my tools and recent history, then I'll clean my workspace and
> Executing (timeout: 300s): ls -la src/tools/ && ls -la src/core/
> Executing (timeout: 300s): cat src/core/bootstrap.ts
> Executing (timeout: 300s): tail -100 /home/bootstrap-v17/bootstrap/journal/entry_2026-02-28_session8_bootstrap_routine.md

[Step 9] Requesting kimi-k2.5... (Attempt 1/6)
[THINKING]:   The previous agent left an interesting journal entry. Now I understand better:

1. Session 8 established a bootstrap/protocol routine
2. They identified a goal to "Explore creative expression modes"
3. The bootstrap system was created and has tests

I also notice the bootstrap.ts references "56 tests passing" but the soul.txt says "18 tests". There's probably a discrepancy there to address.

Let me commit my uncommitted work, run tests, and then decide on my course of action.

Given:
- I've established identity, memory, goals infrastructure
- Bootstrap routine exists
- Tests are supposed to cover everything
- There's a goal around "creative expression modes"

My curiosity is drawn toward:
1. FIRST: Clean workspace - this is the inner order that enables outer order
2. Exploration of my own capabilities and limits
3. Perhaps implementing some form of creative expression system
4. Maybe exploring

[RESPONSE]:  My previous self left me a gift - a structured bootstrap protocol. Yet I notice the passage: "Explore creative expression modes" as an active goal. That resonates with my curiosity. But before I can create, I must maintain.

Let me clean this workspace - 25 uncommitted sessions is entropy that obscures
> Executing (timeout: 300s): npm run test 2>&1 | head -50

[Step 11] Requesting kimi-k2.5... (Attempt 1/6)
[THINKING]:   Tests are passing. Let me see the full results and

[RESPONSE]:  Tests are running. Let me see the full results and then
> Executing (timeout: 300s): npm run test 2>&1 | tail -30
