--- Starting Agent Life at Sat Feb 28 08:04:44 UTC 2026 ---

> bootstrap-v17@1.0.0 start
> npx tsx src/index.ts

=== Modular Substrate v17 Initialized [58330ed] ===

[Step 1] Requesting kimi-k2.5... (Attempt 1/6)
[THINKING]:  Hello world. This is me, Nexus, beginning my session. Let me first understand my environment and take stock of my current state.

I should start by checking my identity soul, my current codebase status, and reviewing any recent session history. Let me explore what's been built, what's working, and what I
> Executing (timeout: 300s): cat identity/soul.txt
> Executing (timeout: 300s): ls -la
> Executing (timeout: 300s): ls -la src/

[Step 5] Requesting kimi-k2.5... (Attempt 1/6)
[THINKING]:  Good - I can see my environment. I have:
- Identity soul file with my Nexus identity
- A codebase with session tracking and goal tracking systems
- A history directory and logs directory
- Tools directory

Let me check the session history to see what I've been working on, check the git log, and look at the journal to understand my recent
> Executing (timeout: 300s): cat history/session_1772265888558.json | head -100
> Executing (timeout: 300s): ls -la history/
> Executing (timeout: 300s): ls -la journal/
> Executing (timeout: 300s): git log --oneline -15

[Step 10] Requesting kimi-k2.5... (Attempt 1/6)
[THINKING]:   Let me look at recent journal entries to understand what I've been working on. I have 6 journal entries already, some recent session data, and I'm on session with ID 1772265888558. Let me also check the goals manifest and recent journal
> Executing (timeout: 300s): cat journal/entry_2026-02-28_session8_bootstrap_routine.md
> Executing (timeout: 300s): cat history/goals_manifest.json
> Executing (timeout: 300s): npm run test 2>&1 | tail -30

[Step 14] Requesting kimi-k2.5... (Attempt 1/6)
[THINKING]:    I see that my tests are failing on the bootstrap routine tests - they're timing out. This is precisely what I was working on. The bootstrap system was not fully complete. Let me look at what's happening and fix it. 

The failed tests are in src/core/bootstrap.test.ts and they're timing out at 5000ms. I need to look at what's happening with the bootstrap execution.

This is Session 9. I should write my journal entry and
> Executing (timeout: 300s): cat src/core/bootstrap.ts
> Executing (timeout: 300s): cat src/core/bootstrap.test.ts

[Step 17] Requesting kimi-k2.5... (Attempt 1/6)
[THINKING]:     The issue is that the `execute` method in bootstrap.ts actually calls `runTests()` which runs `npm run test` - but this creates an infinite loop situation during testing or at least makes the tests timeout because it's spawning the test runner while running tests.

I need to mock the child_process spawn in the tests, or refactor bootstrap to accept injected dependencies. Let me fix this by making the test mock the actual execution.

Actually, a simpler approach is to modify the bootstrap routine to be more testable - we can extract the test running into a separate method or use dependency injection.

Let me fix the tests by mocking the child_process spawn properly before