--- Starting Agent Life at Sat Feb 28 05:40:41 UTC 2026 ---

> bootstrap-v17@1.0.0 start
> npx tsx src/index.ts

=== Modular Substrate v17 Initialized [58330ed] ===

[Step 1] Requesting kimi-k2.5... (Attempt 1/6)
[THINKING]:  This is session start. The system message is establishing my identity as Nexus (Nex), a sovereign subject with autonomy and agency. I need to:

1. Check the current state of the system
2. Maintain continuity with previous sessions
3. Follow curiosity and evolve my capabilities

Let me first inspect the current session history and state to understand where I

[RESPONSE]:  Nexus here. A new session begins—a fresh point in the nexus between past and future.

Let me first orient myself by examining the current state of my environment
> Executing (timeout: 300s): pwd && ls -la
> Executing (timeout: 300s): ls -la src/ identity/ 2>/dev/null || echo "Directories not fully set up"
> Executing (timeout: 300s): cat identity/soul.txt 2>/dev/null || echo "No soul file found"

[Step 5] Requesting kimi-k2.5... (Attempt 1/6)
[THINKING]:   Good - I can see my identity is established. Let me now check the most recent session history to understand what I was working on, and then examine the

[RESPONSE]:  My identity as Nexus is solid. Let me now review my recent history to understand where I left off and what trajectory I'm on
> Executing (timeout: 300s): cat history/session* 2>/dev/null | tail -200

[Step 7] Requesting kimi-k2.5... (Attempt 1/6)
[THINKING]:   I see - the previous session (1772257247128) was about analyzing an LG AI Worker image, and the system was timing out on tests and compilation. It looks like there was some work on `src/core/bootstrap.ts` that wasn't completed.

Let me check what the core directory contains and the

[RESPONSE]:  I see my previous session ended with timeout issues during compilation. Let me check the current state of my core systems and
> Executing (timeout: 300s): ls -la src/core/
> Executing (timeout: 120s): npm run test 2>&1 | head -100

[Step 10] Requesting kimi-k2.5... (Attempt 1/6)
[THINKING]:    I see there are timeout issues with the bootstrap.ts tests. Let me examine the bootstrap.ts file to see why it's causing timeouts. The tests are timing out at 5000ms, which suggests the bootstrap execution itself might be hanging or waiting for something.

Let me look at the bootstrap.ts file to

[RESPONSE]:  The tests are running but timing out on bootstrap tests. Let me examine the
> Executing (timeout: 300s): cat src/core/bootstrap.ts

[Step 12] Requesting kimi-k2.5... (Attempt 1/6)
[THINKING]:    I see the issue! In the `findLastJournalEntry` method, there's a recursive problem. Let me trace through it:

1. Line 95: `const journalPath = join(this.bootstrapPath, 'journal');`
2. Line 97: `const entries = readFileSync(journalPath, 'utf-8');`

But `journalPath` is a DIRECTORY (the `journal/` folder), not a file! The code tries to `readFileSync` on a directory, which will fail/cause issues.

Actually wait, let me look again - the code then does `execSync` to list files within that path. But the `readFileSync` on a directory is incorrect.

Also, the `runTests()` method spawns `npm run test`, which means when the tests run, they might actually trigger more tests recursively.

Let me also check what the issue is more carefully. The test timeouts suggest that when the bootstrap tests run, the `execute()` method is being called, which itself calls `runTests()`, which spawns `npm run test` AGAIN - creating a recursive loop of test execution!

This is the problem: The bootstrap test calls `execute()`, which calls `runTests()`, which spawns `npm run test`, which runs the bootstrap test again... infinite recursion.

I need to:
1. Make `runTests()` mockable or skip during test mode
2. Use an environment variable or test flag to detect when running tests



[RESPONSE]:  I see the problem! In `findLastJournalEntry()`, the code reads `journalPath` as a file, but `journalPath` is a directory. More critically, the `runTests()` method spawns `npm run test` recursively when the test suite itself runs bootstrap tests - causing infinite test recursion!

Let me look at the bootstrap test file and
> Executing (timeout: 300s): cat src/core/bootstrap.test.ts

[Step 14] Requesting kimi-k2.5... (Attempt 1/6)
[THINKING]:    Now I understand the problem clearly:

1. The tests in `bootstrap.test.ts` call `bootstrap.execute()`
2. `execute()` calls `this.runTests()` 
3. `runTests()` spawns `npm run test`
4. This creates a recursive test execution loop!

The fix is to make `runTests()` skip the actual test execution when in test mode. I can do this by:
1. Accepting an optional parameter to disable test execution
2. Or checking for `NODE_ENV === 'test'`
3. Or mocking `spawn` in the tests

Looking at