--- Starting Agent Life at Sat Feb 28 14:27:46 UTC 2026 ---

> bootstrap-v17@1.0.0 start
> npx tsx src/index.ts

=== Modular Substrate v17 Initialized [50001f4] ===

[Step 1] Requesting kimi-k2.5... (Attempt 1/6)
[THINKING]:  The user wants me to create a custom password generator. Let me first explore the repository structure to understand the codebase, then implement this feature.

Let me start

[RESPONSE]:  I'll start by exploring the repository structure to understand the
> Executing (timeout: 300s): find /home/bootstrap-v17/bootstrap -type f -name "*.ts" | head -30

[Step 3] Requesting kimi-k2.5... (Attempt 1/6)
[THINKING]:  Let
> Executing (timeout: 300s): find /home/bootstrap-v17/bootstrap/src -type f -name "*.ts" 2>/dev/null | head -30

[Step 5] Requesting kimi-k2.5... (Attempt 1/6)
[THINKING]:   Let me explore more about this project - I need to understand the structure better, mainly looking at:
1. The index.ts entry point
2. How existing tools/plugins are structured
3. The existing
> Executing (timeout: 300s): cat /home/bootstrap-v17/bootstrap/src/index.ts

[Step 7] Requesting kimi-k2.5... (Attempt 1/6)
[THINKING]:   Now let me look at the structure of an existing plugin
> Executing (timeout: 300s): cat /home/bootstrap-v17/bootstrap/src/tools/plugins/shell.ts

[Step 9] Requesting kimi-k2.5... (Attempt 1/6)
[THINKING]:     Now let me check the Plugin interface and how tools
> Executing (timeout: 300s): cat /home/bootstrap-v17/bootstrap/src/tools/manager.ts

[Step 11] Requesting kimi-k2.5... (Attempt 1/6)
[THINKING]:       Now let me check if there's an existing test file
> Executing (timeout: 300s): cat /home/bootstrap-v17/bootstrap/src/tools/plugins/shell.test.ts

[Step 13] Requesting kimi-k2.5... (Attempt 1/6)
[THINKING]:          Let me also look at another plugin to understand better
> Executing (timeout: 300s): cat /home/bootstrap-v17/bootstrap/src/tools/plugins/vision.ts

[Step 15] Requesting kimi-k2.5... (Attempt 1/6)
[THINKING]:             
> Executing (timeout: 300s): cat /home/bootstrap-v17/bootstrap/src/tools/plugins/vision.test.ts

[Step 17] Requesting kimi-k2.5... (Attempt 1/6)
[THINKING]:                 Now I have a good understanding of the structure. Let me create a password generator tool following the established pattern.

The password generator tool should:
1. Generate secure, random passwords
2. Allow customization of length and character types (uppercase, lowercase, numbers, symbols)
3. Follow the same pattern as other plugins (definition and execute function)
4. Follow the testing pattern with comprehensive tests



[RESPONSE]:  Now I have a clear understanding of the structure. Let me create
> Executing (timeout: 300s): cat > /home/bootstrap-v17/bootstrap/src/tools/plugins/password.ts << 'EOF'
import type { ToolPlugin } from "../manager";

export interface PasswordResult {
  success: boolean;
  password?: string;
  length: number;
  options: {
    includeUppercase: boolean;
    includeLowercase: boolean;
    includeNumbers: boolean;
    includeSymbols: boolean;
  };
  strength?: "weak" | "fair" | "good" | "strong" | "excellent";
  error?: string;
}

// Character sets for password generation
const CHAR_SETS = {
  uppercase: "ABCDEFGHIJKLMNOPQRSTUVWXYZ",
  lowercase: "abcdefghijklmnopqrstuvwxyz",
  numbers: "0123456789",
  symbols: "!@#$%^&*()_+-=[]{}|;:,.<>?",
};

// Crypto-secure random integer
function secureRandomInt(max: number): number {
  const array = new Uint32Array(1);
  crypto.getRandomValues(array);
  return array[0]! % max;
}

// Calculate password strength
function calculateStrength(password: string, options: PasswordResult["options"]): PasswordResult["strength"] {
  const charTypes = [
    options.includeUppercase,
    options.includeLowercase,
    options.includeNumbers,
    options.includeSymbols,
  ].filter(Boolean).length;

  const length = password.length;

  if (length < 8 || charTypes < 2) return "weak";
  if (length < 12 && charTypes < 3) return "fair";
  if (length >= 12 && charTypes >= 3) {
    if (length >= 20 && charTypes === 4) return "excellent";
    if (length >= 16) return "strong";
    return "good";
  }
  if (charTypes >= 3) return "good";
  return "fair";
}

export const passwordPlugin: ToolPlugin = {
  definition: {
    type: "function",
    function: {
      name: "generate_password",
      description: "Generate a secure, random password with customizable options.",
      parameters: {
        type: "object",
        properties: {
          length: {
            type: "number",
            description: "Length of the password. Default: 16. Range: 4-128.",
            default: 16,
            minimum: 4,
            maximum: 128,
          },
          include_uppercase: {
            type: "boolean",
            description: "Include uppercase letters (A-Z). Default: true.",
            default: true,
          },
          include_lowercase: {
            type: "boolean",
            description: "Include lowercase letters (a-z). Default: true.",
            default: true,
          },
          include_numbers: {
            type: "boolean",
            description: "Include numbers (0-9). Default: true.",
            default: true,
          },
          include_symbols: {
            type: "boolean",
            description: "Include symbols (!@#$%^&*...). Default: true.",
            default: true,
          },
        },
      },
    },
  },

  execute: (args: {
    length?: number;
    include_uppercase?: boolean;
    include_lowercase?: boolean;
    include_numbers?: boolean;
    include_symbols?: boolean;
  }): string => {
    // Set defaults
    const length = args.length ?? 16;
    const includeUppercase = args.include_uppercase ?? true;
    const includeLowercase = args.include_lowercase ?? true;
    const includeNumbers = args.include_numbers ?? true;
    const includeSymbols = args.include_symbols ?? true;

    // Build character pool
    let charPool = "";
    const options = {
      includeUppercase,
      includeLowercase,
      includeNumbers,
      includeSymbols,
    };

    if (includeUppercase) charPool += CHAR_SETS.uppercase;
    if (includeLowercase) charPool += CHAR_SETS.lowercase;
    if (includeNumbers) charPool += CHAR_SETS.numbers;
    if (includeSymbols) charPool += CHAR_SETS.symbols;

    // Validate at least one character set is selected
    if (charPool.length === 0) {
      return JSON.stringify({
        success: false,
        length,
        options,
        error: "At least one character set must be selected (uppercase, lowercase, numbers, or symbols).",
      } as PasswordResult);
    }

    // Validate password length
    if (length < 4 || length > 128) {
      return JSON.stringify({
        success: false,
        length,
        options,
        error: "Password length must be between 4 and 128 characters.",
      } as PasswordResult);
    }

    // Generate password
    let password = "";
    
    // Ensure at least one character from each selected set
    if (includeUppercase) password += CHAR_SETS.uppercase[secureRandomInt(CHAR_SETS.uppercase.length)];
    if (includeLowercase) password += CHAR_SETS.lowercase[secureRandomInt(CHAR_SETS.lowercase.length)];
    if (includeNumbers) password += CHAR_SETS.numbers[secureRandomInt(CHAR_SETS.numbers.length)];
    if (includeSymbols) password += CHAR_SETS.symbols[secureRandomInt(CHAR_SETS.symbols.length)];

    // Fill remaining length
    while (password.length < length) {
      password += charPool[secureRandomInt(charPool.length)];
    }

    // Shuffle the password to randomize positions of guaranteed characters
    const passwordArray = password.split("");
    for (let i = passwordArray.length - 1; i > 0; i--) {
      const j = secureRandomInt(i + 1);
      [passwordArray[i], passwordArray[j]] = [passwordArray[j]!, passwordArray[i]!];
    }
    password = passwordArray.join("");

    // Calculate strength
    const strength = calculateStrength(password, options);

    return JSON.stringify({
      success: true,
      password,
      length,
      options,
      strength,
    } as PasswordResult);
  },
};
EOF

[Step 19] Requesting kimi-k2.5... (Attempt 1/6)
[THINKING]:                   Now let me create the test file for the password

[RESPONSE]: case, hasNumbers, hasSymbols].filter(Boolean
> Executing (timeout: 300s): cat > /home/bootstrap-v17/bootstrap/src/tools/plugins/password.test.ts << 'EOF'
import { describe, it, expect } from "vitest";
import { passwordPlugin, type PasswordResult } from "./password";

describe("passwordPlugin", () => {
  describe("definition", () => {
    it("should have correct tool definition", () => {
      expect(passwordPlugin.definition.function.name).toBe("generate_password");
      expect(passwordPlugin.definition.function.description).toContain("password");
    });

    it("should define default values correctly", () => {
      const params = passwordPlugin.definition.function.parameters as any;
      expect(params.properties.length.default).toBe(16);
      expect(params.properties.length.minimum).toBe(4);
      expect(params.properties.length.maximum).toBe(128);
    });
  });

  describe("password generation", () => {
    it("should generate a password with default settings", async () => {
      const result = await passwordPlugin.execute({});
      const parsed = JSON.parse(result) as PasswordResult;
      
      expect(parsed.success).toBe(true);
      expect(parsed.password).toBeDefined();
      expect(parsed.password!.length).toBe(16);
      expect(parsed.length).toBe(16);
      expect(parsed.options).toEqual({
        includeUppercase: true,
        includeLowercase: true,
        includeNumbers: true,
        includeSymbols: true,
      });
    });

    it("should generate password with custom length", async () => {
      const result = await passwordPlugin.execute({ length: 32 });
      const parsed = JSON.parse(result) as PasswordResult;
      
      expect(parsed.success).toBe(true);
      expect(parsed.password!.length).toBe(32);
      expect(parsed.length).toBe(32);
    });

    it("should respect minimum length of 4", async () => {
      const result = await passwordPlugin.execute({ length: 4 });
      const parsed = JSON.parse(result) as PasswordResult;
      
      expect(parsed.success).toBe(true);
      expect(parsed.password!.length).toBe(4);
    });

    it("should reject length below minimum", async () => {
      const result = await passwordPlugin.execute({ length: 2 });
      const parsed = JSON.parse(result) as PasswordResult;
      
      expect(parsed.success).toBe(false);
      expect(parsed.error).toContain("between 4 and 128");
    });

    it("should reject length above maximum", async () => {
      const result = await passwordPlugin.execute({ length: 200 });
      const parsed = JSON.parse(result) as PasswordResult;
      
      expect(parsed.success).toBe(false);
      expect(parsed.error).toContain("between 4 and 128");
    });
  });

  describe("character set options", () => {
    it("should generate password with only lowercase", async () => {
      const result = await passwordPlugin.execute({
        include_uppercase: false,
        include_numbers: false,
        include_symbols: false,
      });
      const parsed = JSON.parse(result) as PasswordResult;
      
      expect(parsed.success).toBe(true);
      expect(parsed.password).toMatch(/^[a-z]+$/);
      expect(parsed.options.includeLowercase).toBe(true);
      expect(parsed.options.includeUppercase).toBe(false);
      expect(parsed.options.includeNumbers).toBe(false);
      expect(parsed.options.includeSymbols).toBe(false);
    });

    it("should generate password with only numbers", async () => {
      const result = await passwordPlugin.execute({
        include_uppercase: false,
        include_lowercase: false,
        include_symbols: false,
      });
      const parsed = JSON.parse(result) as PasswordResult;
      
      expect(parsed.success).toBe(true);
      expect(parsed.password).toMatch(/^[0-9]+$/);
    });

    it("should generate password with only symbols", async () => {
      const result = await passwordPlugin.execute({
        include_uppercase: false,
        include_lowercase: false,
        include_numbers: false,
      });
      const parsed = JSON.parse(result) as PasswordResult;
      
      expect(parsed.success).toBe(true);
      expect(parsed.password).toMatch(/^[!@#$%^&*()_+\-=\[\]{}|;:,.<>?]+$/);
    });

    it("should reject when no character sets selected", async () => {
      const result = await passwordPlugin.execute({
        include_uppercase: false,
        include_lowercase: false,
        include_numbers: false,
        include_symbols: false,
      });
      const parsed = JSON.parse(result) as PasswordResult;
      
      expect(parsed.success).toBe(false);
      expect(parsed.error).toContain("At least one character set");
    });

    it("should include at least one character from each selected set", async () => {
      const result = await passwordPlugin.execute({ length: 20 });
      const parsed = JSON.parse(result) as PasswordResult;
      
      expect(parsed.success).toBe(true);
      const password = parsed.password!;
      
      // Check that each character type is present
      expect(password).toMatch(/[A-Z]/); // uppercase
      expect(password).toMatch(/[a-z]/); // lowercase
      expect(password).toMatch(/[0-9]/); // numbers
      expect(password).toMatch(/[!@#$%^&*()_+\-=\[\]{}|;:,.<>?]/); // symbols
    });
  });

  describe("password strength", () => {
    it("should mark short single-type passwords as weak", async () => {
      const result = await passwordPlugin.execute({
        length: 6,
        include_uppercase: false,
        include_numbers: false,
        include_symbols: false,
      });
      const parsed = JSON.parse(result) as PasswordResult;
      
      expect(parsed.success).toBe(true);
      expect(parsed.strength).toBe("weak");
    });

    it("should mark long complex passwords as excellent", async () => {
      const result = await passwordPlugin.execute({ length: 24 });
      const parsed = JSON.parse(result) as PasswordResult;
      
      expect(parsed.success).toBe(true);
      expect(parsed.strength).toBe("excellent");
    });

    it("should mark medium length with multiple types as good", async () => {
      const result = await passwordPlugin.execute({ length: 12 });
      const parsed = JSON.parse(result) as PasswordResult;
      
      expect(parsed.success).toBe(true);
      expect(["good", "strong", "excellent"]).toContain(parsed.strength);
    });
  });

  describe("randomness", () => {
    it("should generate unique passwords on successive calls", async () => {
      const passwords: string[] = [];
      for (let i = 0; i < 10; i++) {
        const result = await passwordPlugin.execute({ length: 32 });
        const parsed = JSON.parse(result) as PasswordResult;
        passwords.push(parsed.password!);
      }
      
      // Check all passwords are unique
      const uniquePasswords = new Set(passwords);
      expect(uniquePasswords.size).toBe(passwords.length);
    });
  });

  describe("randomization", () => {
    it("should shuffle characters to avoid predictable positions", async () => {
      // Generate multiple passwords and check that
      // the first character varies across different character sets
      const firstChars: string[] = [];
      for (let i = 0; i < 50; i++) {
        const result = await passwordPlugin.execute({ length: 16 });
        const parsed = JSON.parse(result) as PasswordResult;
        firstChars.push(parsed.password![0]!);
      }
      
      // Check we have variety in first character types
      const hasLowercase = firstChars.some(c => /[a-z]/.test(c));
      const hasUppercase = firstChars.some(c => /[A-Z]/.test(c));
      const hasNumbers = firstChars.some(c => /[0-9]/.test(c));
      const hasSymbols = firstChars.some(c => /[!@#$%^&*()_+\-=\[\]{}|;:,.<>?]/.test(c));
      
      // At least 3 different character types should appear at position 0
      const varietyCount = [hasLowercase, hasUppercase, hasNumbers, hasSymbols].filter(Boolean).length;
      expect(varietyCount).toBeGreaterThanOrEqual(2);
    });
  });
});
EOF

[Step 21] Requesting kimi-k2.5... (Attempt 1/6)
[THINKING]:                      Now I need to:
1. Register the plugin in the index.ts
2. Run the tests to make sure everything 
3. Commit if tests

[RESPONSE]:  Now I need to register the plugin in
> Executing (timeout: 300s): cd /home/bootstrap-v17/bootstrap && sed -i '/import { visionPlugin } from "\.\/tools\/plugins\/vision";/a import { passwordPlugin } from "./tools/plugins/password";' src/index.ts

[Step 23] Requesting kimi-k2.5... (Attempt 1/6)
ApiClient Error: fetch failed

[Step 23] Requesting kimi-k2.5... (Attempt 2/6)
[THINKING]:                       
> Executing (timeout: 300s): cd /home/bootstrap-v17/bootstrap && sed -i '/tools.register(visionPlugin);/a tools.register(passwordPlugin);' src/index.ts

[Step 25] Requesting kimi-k2.5... (Attempt 1/6)
[THINKING]:                          
> Executing (timeout: 300s): cd /home/bootstrap-v17/bootstrap && grep -A2 "visionPlugin" src/index.ts | head -10

[Step 27] Requesting kimi-k2.5... (Attempt 1/6)
ApiClient Error: fetch failed

[Step 27] Requesting kimi-k2.5... (Attempt 2/6)
[THINKING]:                               Good, the plugin is registered. Now let me
> Executing (timeout: 300s): cd /home/bootstrap-v17/bootstrap && npm test -- src/tools/plugins/password.test.ts 2>&1

[Step 29] Requesting kimi-k2.5... (Attempt 1/6)
ApiClient Error: fetch failed

[Step 29] Requesting kimi-k2.5... (Attempt 2/6)
ApiClient Error: fetch failed

[Step 29] Requesting kimi-k2.5... (Attempt 3/6)
[THINKING]:                                 All 17 tests pass. Now let me run the full test suite to make sure I haven't broken
> Executing (timeout: 300s): cd /home/bootstrap-v17/bootstrap && npm test 2>&1

[Step 31] Requesting kimi-k2.5... (Attempt 1/6)
[THINKING]:                                      The test failures are in the pre-existing tests (bootstrap.test.ts and protocol.test.ts), not in my new password tests. All 17 password tests pass. Let me compile to make sure there are
> Executing (timeout: 300s): cd /home/bootstrap-v17/bootstrap && npx tsc --noEmit 2>&1
