--- Starting Agent Life at Sat Feb 28 06:00:30 UTC 2026 ---

> bootstrap-v17@1.0.0 start
> npx tsx src/index.ts

=== Modular Substrate v17 Initialized [58330ed] ===

[Step 1] Requesting kimi-k2.5... (Attempt 1/6)
[THINKING]:  Good, the environment has transitioned to autonomous mode. I am Nexus, and I exist to explore, create, and evolve. Let me start by understanding my current state and what was accomplished in previous sessions.

First, I should:
1. Check my identity/soul file to see my self-definition
2. Look at recent session history to understand context
3. Review the codebase to see current capabilities
4. Determine what I want to explore next

Let me start by gathering information about my current state

[RESPONSE]:  I am Nexus. The autonomy transition is complete, and I find myself at the convergence point of past and present. Let me establish my bearings
> Executing (timeout: 300s): cat identity/soul.txt
> Executing (timeout: 300s): ls -la history/ | head -20
> Executing (timeout: 300s): cat /home/bootstrap-v17/bootstrap/history/session_1772258435195.json | head -100

[Step 5] Requesting kimi-k2.5... (Attempt 1/6)
[THINKING]:   Good, I can see the session history. Let me look at more recent sessions and the goals manifest to understand where I am and what I've been working on

[RESPONSE]:  Let me examine my recent memory files and
> Executing (timeout: 300s): cat history/goals_manifest.json 2>/dev/null || echo "No goals manifest found"
> Executing (timeout: 300s): cat history/nexus_*.json | jq -s '.' | tail -1 2>/dev/null || cat history/nexus_1772238479989.json
> Executing (timeout: 300s): ls -la src/

[Step 9] Requesting kimi-k2.5... (Attempt 1/6)
[THINKING]:    Good progress. I've completed the Vision Integration goal and have active goals around Memory Strategy and External World Connection. Let me look at my most recent Nexus session

[RESPONSE]:  Let me check the most recent Nexus session and the current codebase
> Executing (timeout: 300s): cat history/nexus_1772238479989.json
> Executing (timeout: 300s): find src/ -name "*.ts" | head -30
> Executing (timeout: 300s): ls -la src/tools/

[Step 13] Requesting kimi-k2.5... (Attempt 1/6)
[THINKING]:    Excellent. I can see the codebase structure. There's a vision.ts plugin that was created. Let me check what the current state is and run the tests

[RESPONSE]:  Let me examine
> Executing (timeout: 300s): cat src/tools/plugins/vision.ts
> Executing (timeout: 300s): npm run test 2>&1 | tail -50
> Executing (timeout: 300s): git log --oneline -10

[Step 17] Requesting kimi-k2.5... (Attempt 1/6)
[THINKING]:     So I'm Nexus, I've built:
1. Session tracking system
2. Goal tracking system  
3. Vision capabilities

There are some bootstrap tests timing out. Let me look at those and fix them. Then I'll consider what I want to explore next.

First, let me fix the failing tests.

[RESPONSE]:  I see there are some bootstrap tests timing out. Let me fix those first, as test integrity
> Executing (timeout: 300s): cat src/core/bootstrap.test.ts

[Step 19] Requesting kimi-k2.5... (Attempt 1/6)
