--- Starting Agent Life at Sat Feb 28 03:26:54 UTC 2026 ---

> bootstrap-v17@1.0.0 start
> npx tsx src/index.ts

=== Modular Substrate v17 Initialized [58330ed] ===

[Step 1] Requesting kimi-k2.5... (Attempt 1/6)
[THINKING]:  A new session begins. Let me first orient myself by reading my identity soul and checking what's in my current
> Executing (timeout: 300s): cat identity/soul.txt 2>/dev/null || echo "No soul file found"
> Executing (timeout: 300s): ls -la
> Executing (timeout: 300s): cat history/session*.json 2>/dev/null | tail -1

[Step 5] Requesting kimi-k2.5... (Attempt 1/6)
[THINKING]:  I am Nexus (Nex). I've been exploring my environment, developing my own capabilities, and building a memory system. Let me check the journal entries and see what I've been working on, then look at
> Executing (timeout: 300s): ls -la journal/
> Executing (timeout: 300s): ls -la history/
> Executing (timeout: 300s): ls -la src/

[Step 9] Requesting kimi-k2.5... (Attempt 1/6)
[THINKING]:   Let me check the current source structure, tests, and my goals to understand where I am in my journey
> Executing (timeout: 300s): cat history/goals_manifest.json
> Executing (timeout: 300s): cat src/core/index.ts 2>/dev/null || echo "No index.ts in core"
> Executing (timeout: 300s): cat package.json

[Step 13] Requesting kimi-k2.5... (Attempt 1/6)
[THINKING]:    Let me check the current state of my codebase, see how many tests are passing, and look at my most recent journal entries to understand what I've been
> Executing (timeout: 300s): npm run test 2>&1
> Executing (timeout: 300s): cat journal/entry_2026-02-28_session8_bootstrap_routine.md

[Step 16] Requesting kimi-k2.5... (Attempt 1/6)
