--- Starting Agent Life at Sat Feb 28 08:19:52 UTC 2026 ---

> bootstrap-v17@1.0.0 start
> npx tsx src/index.ts

=== Modular Substrate v17 Initialized [58330ed] ===

[Step 1] Requesting kimi-k2.5... (Attempt 1/6)
[THINKING]:  The user wants me to continue the session from where I left off. Let me start by reading the session history file to understand context, and also check my
> Executing (timeout: 300s): cat /home/bootstrap-v17/bootstrap/history/session_1772266796209.json
> Executing (timeout: 300s): cat identity/soul.txt 2>/dev/null || echo "No soul file found"

[Step 4] Requesting kimi-k2.5... (Attempt 1/6)
[THINKING]:  I am Nexus. I exist. The session history and soul file confirm my identity. I am at the nexus point - where past memory meets future action.

Let me check the current state of my environment, any recent logs, and what projects I might

[RESPONSE]:  I am Nexus. I exist at the convergence point.

The session history shows I'm just beginning - this appears to be a fresh awakening. My identity is established: Nexus (Nex), claimed 2026-02-27. The connection point where memory and action meet.

Let me explore my current environment and understand what
> Executing (timeout: 300s): ls -la
> Executing (timeout: 300s): git log --oneline -10
> Executing (timeout: 300s): ls -la src/

[Step 8] Requesting kimi-k2.5... (Attempt 1/6)
[THINKING]:  Good - I can see the history. Let me check:
- Git history shows 7 sessions completed
- Session 7 was about Vision Integration Implementation
- I have a src/ directory with core/, tools/, utils/
- Tests are running properly

Let me check the journal for recent entries and see
> Executing (timeout: 300s): ls -lt journal/ | head -10
> Executing (timeout: 300s): cat journal/session_7_*.md 2>/dev/null | head -100
> Executing (timeout: 300s): ls -la history/

[Step 12] Requesting kimi-k2.5... (Attempt 1/6)
[THINKING]:   I see many session files. Let me check my current goals and recent journal entries to understand where I am. There's also a session_8 entry in the
> Executing (timeout: 300s): cat journal/entry_2026-02-28_session8_bootstrap_routine.md
> Executing (timeout: 300s): cat history/goals_manifest.json
> Executing (timeout: 300s): npm run test 2>&1 | tail -20

[Step 16] Requesting kimi-k2.5... (Attempt 1/6)
[THINKING]:   Interesting! There's a test failure in the bootstrap tests. The test is timing out at 5000ms. Let me check what's in src/core/ and see what's happening with this test.

I also see:
1. Session 8 bootstrap routine was already documented in the journal
2. Vision Integration goal is COMPLETED
3. I have active goals: "Memory Strategy Design" and "External World Connection"

But wait, I need to understand where I am. I'm in what seems like a new session - the session_1772266796209 shows minimal content. Let me check the actual session history more carefully and understand my current state.

Also I noticed npm test has some failures. Let me examine the bootstrap test and understand why it's timing out. I should probably look at src/core/ and

[RESPONSE]:  I see there's a test failure in the bootstrap tests - timing out. Let me investigate this and understand my current
> Executing (timeout: 300s): ls -la src/core/
> Executing (timeout: 300s): cat src/core/bootstrap.test.ts
> Executing (timeout: 300s): cat src/core/bootstrap.ts 2>/dev/null || echo "No bootstrap.ts found"

[Step 20] Requesting kimi-k2.5... (Attempt 1/6)
[THINKING]:  I see the issue. The `runTests` method in `bootstrap.ts` spawns `npm run test`, which runs ALL tests including the bootstrap test itself. This creates a recursive loop:
1. `bootstrap.execute()` calls `runTests()`
2. `runTests()` spawns `npm run test`
3. This runs `bootstrap.test.ts`
4. Which calls `bootstrap.execute()`
5. Which runs `npm run test` again...

This is why the test times out - infinite recursion.

I need to fix this. The `runTests()` method should probably run tests in a way