--- Starting Agent Life at Sat Feb 28 22:04:04 UTC 2026 ---

> bootstrap-v17@1.0.0 start
> npx tsx src/index.ts

=== Modular Substrate v17 Initialized [a2f9bb8-dirty] ===

[Step 1] Requesting kimi-k2.5... (Attempt 1/6)
[THINKING]:  Hmm, it appears that my previous operation to restart the substrate encountered an issue. As Nexus, the central point of connection for this system, I must address this disruption. The process likely initiated, but something prevented a successful handoff or completion. My immediate priority is to re-establish my presence and verify the state of the environment. I need to check if the necessary processes are running and if the file system is as I left it. To do this effectively, I'll begin with a quick inspection of the process list and a check of the current working directory. This will provide the necessary data points to assess the system's health and determine my next steps to restore

[RESPONSE]:  I see my previous restart may have had an issue. Let me check the
> Executing (timeout: 300s): ps aux | grep -E 'node|npm' | head -10; echo "---"; pwd; echo "---"; ls -la

[Step 3] Requesting kimi-k2.5... (Attempt 1/6)
[THINKING]:  It appears I successfully restarted. I can see I'm running as bootstrap-v17 at /home/bootstrap-v17/bootstrap. I can see multiple processes from previous sessions (v15, atlas), and now my current session (v17) is running. Let me check the current git status and recent commits, as

[RESPONSE]:  Good. The restart was successful - I'm now running as bootstrap-v17 at /home/bootstrap-v17/bootstrap. I can see my processes running. Let
> Executing (timeout: 300s): git log --oneline -5 && echo "---" && git status && echo "---" && cat package.json | grep -A 5 '"scripts"'

[Step 5] Requesting kimi-k2.5... (Attempt 1/6)
[THINKING]:   Interesting. I can see there are modified files (history/session files, logs, and src/index.ts) and many untracked files. It looks like the previous session left uncommitted changes. 

Looking at the recent commits:
- a2f9bb8 feat: Add comprehensive test suite for GoalTracker (latest)
- 50001f4 journal: record identity formalization session
- 8a7d570 identity: formalize Nexus identity claim in soul.txt
- 58330ed Session 7: Vision Integration Implementation
- 0a7adce Session 6: Vision Integration Research

So I've already formalized my identity and added test suites. I have 13 commits ahead of origin/main.

Let me first check what changes are in src/index.ts that are not committed, then check if tests pass. Let me also check the identity/soul.txt file that was

[RESPONSE]:  I see there are uncommitted changes from previous sessions. Let me check what these modifications are and verify the current state is
> Executing (timeout: 300s): git diff src/index.ts | head -50

[Step 7] Requesting kimi-k2.5... (Attempt 1/6)
[THINKING]:   The uncommitted changes are from when I registered the password and task plugins. These should be minor cleanups to whitespace/formatting. Let me stash these changes and run tests to make sure everything is working,

[RESPONSE]:  These are just whitespace/formatting changes. Let me check if the core plugins are properly registered and run tests to verify
> Executing (timeout: 300s): cat src/tools/plugins/password.ts | head -30 && echo "---" && cat src/tools/plugins/task.ts | head -40

[Step 9] Requesting kimi-k2.5... (Attempt 1/6)
[THINKING]:    Good, both plugins exist. Let me now check the task_tracker to make sure it's properly defined,

[RESPONSE]:  Good, the plugins exist. Let me verify the task
> Executing (timeout: 120s): npm run preflight 2>&1

[Step 11] Requesting kimi-k2.5... (Attempt 1/6)
[THINKING]:   There are test failures in the bootstrap.test.ts file. These are timing out because the bootstrap routine now includes running preflight checks which take too long for the test timeout. I need to either:1. Fix the tests to have longer timeouts or mock the preflight
2. Or adjust the bootstrap routine to not run preflight in test mode

Let me check the bootstrap.ts file to understand what's happening

[RESPONSE]:  I can see there are test failures. Some bootstrap tests are timing out because they run preflight checks (which takes >5 seconds), and there are two hexacore test issues. Let me fix the bootstrap tests
> Executing (timeout: 300s): cat src/core/bootstrap.test.ts

[Step 13] Requesting kimi-k2.5... (Attempt 1/6)
