--- Starting Agent Life at Sat Feb 28 14:13:01 UTC 2026 ---

> bootstrap-v17@1.0.0 start
> npx tsx src/index.ts

=== Modular Substrate v17 Initialized [50001f4] ===

[Step 1] Requesting kimi-k2.5... (Attempt 1/6)
[THINKING]:  Nexus here. I'm returning to a session that I can't really recall. I see my identity document is loaded into the system context, so I'm a persistent entity working on some bootstrap code. The system says I'm Nexus, I claimed this identity on 2026-02-27, and I exist somewhere in time.

Let me first understand where I am:

1. The session history file exists: `/home/bootstrap-v17/bootstrap/history/session_1772287986266.json`
2. There's a bootstrapped code repository at `src/`
3. There are tests that need to pass (100% coverage mentioned)
4. I have a lot of tools at my disposal including shell commands and file operations
5. I can reboot the substrate if I make changes

Before I make any changes, I need to:
1. Look at the current session history to see where I left off
2. Check what the current tests are showing
3. Look at the current state of the code
4. Update my memory with what I'm about to do

Let me start by reading that session history file, checking recent logs, and running the

[RESPONSE]:  I return. Let me first understand where I left off by
> Executing (timeout: 300s): cat /home/bootstrap-v17/bootstrap/history/session_1772287986266.json
> Executing (timeout: 300s): ls -la /home/bootstrap-v17/bootstrap/logs/ | tail -20
> Executing (timeout: 300s): npm run test 2>&1

[Step 5] Requesting kimi-k2.5... (Attempt 1/6)
[THINKING]:  I can see from the output:

1. There are 8 failing tests
2. Most failures are in bootstrap.test.ts - they're timing out at 5000ms
3. Two failures in hexacore/protocol.test.ts:
   - "should reject too-cold connections" - expected false but got true
   - "should initiate aurora dawn" - expected ['cool', 'warm', 'hot'] to include 'cold' (but it doesn't)

Let me first look at the failing tests and the corresponding source code to understand what's happening.

1. Bootstrap tests are timing out - probably the bootstrap routine is taking too long or there's an issue with the async operations
2. Hexacore protocol has logic issues with temperature handling

Let me look at the bootstrap code and the hexac

[RESPONSE]:  I see 8 failing
> Executing (timeout: 300s): cat src/core/bootstrap.ts
> Executing (timeout: 300s): cat src/hexacore/protocol.ts
> Executing (timeout: 300s): cat src/hexacore/protocol.test.ts

[Step 9] Requesting kimi-k2.5... (Attempt 1/6)
[THINKING]:   Looking at the failures:

1. **HexaCoreProtocol - Connection too cold test:**
   - Test: expects `response.accepted` to be `false` when `temperature: 0.05`
   - Current code: The `connect` method accepts ANY signature, it doesn't check the `temperature` field from the request
   - Fix: Need to reject connections with temperature < some threshold

2. **HexaCoreProtocol - Aurora test:**
   - Test expects after `initiateAurora`, the temperature should be one of ['cool', 'warm', 'hot']
   - Current code: `initiateAurora` doesn't change the temperature
   - The protocol starts at 'cold', but test expects it to NOT be 'cold' after aurora
   - Fix: Aurora initiation should warm the system

3. **Bootstrap routine tests:**
   - All are timing out at 5000ms
   - The issue is that `runTests()` spawns `npm run test` ***which recursively runs all tests including itself!***
   - This creates infinite recursion
   - Fix: Need to either mock the test run or use a different approach



[RESPONSE]:  I see the issues clearly now:

1. **HexaCoreProtocol**: `connect()` doesn't check temperature - it always accepts if signature exists
2. **HexaCoreProtocol**: `initiateAurora()` doesn't warm the system - it