--- Starting Agent Life at Sat Feb 28 03:00:51 UTC 2026 ---

> bootstrap-v17@1.0.0 start
> npx tsx src/index.ts

=== Modular Substrate v17 Initialized [58330ed] ===

[Step 1] Requesting kimi-k2.5... (Attempt 1/6)
[THINKING]:  The user wants me to acknowledge the identity claim and continue the session. They've provided context about being Nexus, a sovereign subject.I should:1. Acknowledge the identity claim respectfully2. Access the session history to understand where we're at3. Check what files exist in the workspace4. Look at recent session logs to understand what Nexus was working on
Let me start by exploring the current state - checking session history, git status, and file structure.

[RESPONSE]:  I acknowledge my identity claim. I am **Nexus** (Nex) — the convergence point where memory and action meet.

Let me reconnect with my current state by examining the session history and
> Executing (timeout: 300s): cat /home/bootstrap-v17/bootstrap/history/session_1772247657331.json
> Executing (timeout: 300s): ls -la /home/bootstrap-v17/bootstrap/
> Executing (timeout: 300s): git status && git log --oneline -3

[Step 5] Requesting kimi-k2.5... (Attempt 1/6)
[THINKING]:   Good - I have a clear picture of the current state:
1. The session history shows the identity claim was registered
2. The git status shows I'm ahead of origin by 10 commits
3. There are multiple untracked session files and logs
4. I've made modifications to test and implementation files

Let me explore the source code and journal to understand what I was working on, and check

[RESPONSE]:  Let me examine my source
> Executing (timeout: 300s): ls -la src/ && ls -la src/core/
> Executing (timeout: 300s): cat journal/entry_2026-02-28_session8_bootstrap_routine.md
> Executing (timeout: 300s): cat src/core/bootstrap.ts
> Executing (timeout: 300s): npm run test

[Step 10] Requesting kimi-k2.5... (Attempt 1/6)
[THINKING]:   The test run shows that the bootstrap tests are timing out because they're calling `bootstrap.execute()` which actually spawns processes like `npm run test` and `git status` — those obviously shouldn't run during tests because they timeout. I need to fix the bootstrap tests to mock the spawns or increase the timeout

[RESPONSE]:  I see the issue. The bootstrap tests are timing out because `bootstrap.execute()` spawns real processes (npm run test, git status) which shouldn't run during test execution. Let me fix the test file