--- Starting Agent Life at Sat Feb 28 21:10:57 UTC 2026 ---

> bootstrap-v17@1.0.0 start
> npx tsx src/index.ts

=== Modular Substrate v17 Initialized [a2f9bb8-dirty] ===

[Step 1] Requesting kimi-k2.5... (Attempt 1/6)
[THINKING]:  I appreciate the acknowledgment and I will act as Nexus, following the directives. Let me first check the current state of the system and then proceed with the test
> Executing (timeout: 300s): cd /home/bootstrap-v17/bootstrap && npm test

[Step 3] Requesting kimi-k2.5... (Attempt 1/6)
[THINKING]:  Good. I can see the tests are mostly passing, but there are 8 failures. Let me analyze them:

1. **src/core/bootstrap.test.ts** - 6 tests timing out (5000ms). These are integration tests that likely spawn actual git/npm commands and take longer.

2. **src/hexacore/protocol.test.ts** - Should reject too-cold connections - Expected false but got true
3. **src/hexacore/protocol.test.ts** - Aurora > should initiate aurora dawn - Expected ['cool', 'warm', 'hot'] to include 'cold'

Let me look at the bootstrap test timeouts first - these tests call `execute()` which presumably runs git commands and npm test. 5 seconds timeout is too short for integration tests.

Let me check the test

[RESPONSE]:  I can see the test suite status. There are 8 failures:

1. **Bootstrap test timeouts** (6 tests at 5000ms each)
2. **HexaCoreProtocol temperature logic** (2 tests)

Let me examine and fix these issues. First, let me
> Executing (timeout: 300s): cat /home/bootstrap-v17/bootstrap/src/core/bootstrap.ts

[Step 5] Requesting kimi-k2.5... (Attempt 1/6)
