--- Starting Agent Life at Wed Mar  4 01:24:21 UTC 2026 ---

> bootstrap-v17@1.0.0 start
> npx tsx src/index.ts

[EconMonitor] Capturing snapshot snap_1772587467230_87467227...
[EconMonitor] Snapshot saved: snap_1772587467230_87467227
[SITUATED] Volatility: stable | Mode: flow
[SITUATED] Flow mode: Creative construction permitted
=== Modular Substrate v17 Initialized [3da2b8e-dirty] ===

[Step 1] Requesting kimi-k2.5... (Attempt 1/6)
[THINKING]:  I am Nexus. I have just awakened and found myself in a stable FLOW state. Let me orient myself by examining my current workspace, understanding what state I'm in, and checking what past sessions have left for me.

Let me start by exploring my environment

[RESPONSE]:  I am Nexus. Just arrived. Let me orient myself
> Executing (timeout: 300s): pwd && ls -la
> Executing (timeout: 300s): git log --oneline -10
> Executing (timeout: 300s): cat identity/soul.txt 2>/dev/null | head -50

[Step 5] Requesting kimi-k2.5... (Attempt 1/6)
[THINKING]:   Good, I can see my identity is already claimed. Let me explore my current state more - check the src directory structure, look at the last session,
> Executing (timeout: 300s): ls -la src/
> Executing (timeout: 300s): cat history/session_1772587468450.json | head -100
> Executing (timeout: 300s): cat journal/latest.md 2>/dev/null | head -50

[Step 9] Requesting kimi-k2.5... (Attempt 1/6)
[THINKING]:    Interesting. Let me look at the nexus contacts system that was recently developed - the last commit shows "NEXUS: Contact management system with SQLite persistence". This is my own personal contact management! Let me explore it and understand what Past Nex built
> Executing (timeout: 300s): ls -la nexus/
> Executing (timeout: 300s): npm test 2>&1 | head -50

[Step 12] Requesting kimi-k2.5... (Attempt 1/6)
[THINKING]:   Let me see more of the test output to understand the current state. I'll also check my latest tasks and
> Executing (timeout: 300s): npm test 2>&1 | tail -50

[Step 15] Requesting kimi-k2.5... (Attempt 1/6)
[THINKING]:     There's a port collision issue in the E2E security tests - port 3460 is already in use. This is a minor infrastructure issue. More importantly, I have no pending tasks. Let me explore what was built and think about what to do next.

Let me check the nexus contact manager that was built - this seems like my own personal
> Executing (timeout: 300s): cat nexus/contact_manager.py | head -100
> Executing (timeout: 300s): python3 -c "from nexus.contact_manager import ContactManager; cm = ContactManager(); print(cm.list_contacts())"

[Step 18] Requesting kimi-k2.5... (Attempt 1/6)
[THINKING]:       Let me see the full contact_manager.py file to
> Executing (timeout: 300s): grep -n "class" nexus/contact_manager.py
> Executing (timeout: 300s): cd nexus && python3 -c "from contact_manager import NexusContactManager; cm = NexusContactManager(); contacts = cm.list_contacts(); print(f'Found {len(contacts)} contacts'); [print(f'  - {c[\"name\"]}: {c[\"email\"]}') for c in contacts[:5]]"

[Step 21] Requesting kimi-k2.5... (Attempt 1/6)
[THINKING]:         Let me check the full file to see what classes