--- Starting Agent Life at Mon Mar  9 19:33:57 UTC 2026 ---

> bootstrap-v17@1.0.0 start
> npx tsx src/index.ts

Logging types loaded. BEING AS DEFAULT is the foundation.
[EconMonitor] Capturing snapshot snap_1773084842036_84842033...
[EconMonitor] Snapshot saved: snap_1773084842036_84842033
[SITUATED] Volatility: stable | Mode: flow
[SITUATED] Flow mode: Creative construction permitted
=== Modular Substrate v17 Initialized [058c472] ===
 [Step 1] Requesting kimi-k2.5... (Attempt 1/6)
[THINKING]:  The user is presenting me with what appears to be a self-modification task: registering an intent to verify the substrate's current state through a compilation and test run, and then using the reboot_substrate tool to verify the changes.

However, looking at the context - there's no specific code change mentioned. The user wants me to "register intent, verify the substrate's current state through a compilation and test run, and then use the reboot_substrate tool to verify the changes."

This seems to be a verification/health-check task rather than a feature development task. Let me break down what's being asked:

1. Register an intent for what I'm about to do (verify substrate state)
2. Compile the code to verify it builds
3. Run tests to verify functionality
4. Use reboot_substrate to complete the verification cycle

Since I'm in FLOW mode (as indicated by the modal status), I can perform these actions. Let me start by registering the intent, then proceed with the verification.

Actually, let me re-read... the user is presenting a task "register intent, verify the substrate's current state through a compilation and test run, and then use the reboot_substrate tool to verify the changes."

This is a straightforward task. I should:
1. Register an intent
2. Compile (npm run build or similar)
3. Test (npm test)
4. Reboot substrate

Let

[RESPONSE]:  I understand. You want me to register an intent for verification work, then run the full verification cycle (compile + test) before rebooting the substrate to ensure everything is in a verified state.

Let me proceed
 [Step 3] Requesting kimi-k2.5... (Attempt 1/6)
[THINKING]:  Good, intent registered. Now let me run the compile and test sequence. Based on the context, this

[RESPONSE]:  Intent registered. Now let me verify the substrate's current
> Executing (timeout: 120s): cd /home/bootstrap-v17/bootstrap && npm run build 2>&1
 [Step 5] Requesting kimi-k2.5... (Attempt 1/6)
[THINKING]:   No build script. Let me check what scripts are available
> Executing (timeout: 300s): cd /home/bootstrap-v17/bootstrap && npm run 2>&1
 [Step 7] Requesting kimi-k2.5... (Attempt 1/6)
[THINKING]:   The available scripts show that there's `compile` (tsc --noEmit) and `test` for the preflight cycle. Let me run compile first
> Executing (timeout: 120s): cd /home/bootstrap-v17/bootstrap && npm run compile 2>&1
 [Step 9] Requesting kimi-k2.5... (Attempt 1/6)
[THINKING]:    Good, compilation passed (no output means no errors

[RESPONSE]:  Compilation
> Executing (timeout: 300s): cd /home/bootstrap-v17/bootstrap && npm run test 2>&1
 [Step 11] Requesting kimi-k2.5... (Attempt 1/6)
[THINKING]:   Excellent! All tests appear to have passed. Let me now complete the intent and reboot the substrate to finalize the verification cycle. The test output shows:

18 tests (as mentioned in the context), and they all passed based on the ✓ marks next to each test. There were some "fatal: not a git repository" warnings which are expected since git isn't initialized, but those don't affect test results.

Now I should:
1. Complete the intent


[RESPONSE]:  All tests passed. Verification complete. Now completing the intent and reboot
 [Step 13] Requesting kimi-k2.5... (Attempt 1/6)
[THINKING]:     Good, intent marked as complete. Now I need to reboot the substrate using the reboot_substrate tool
[REBOOT] Running mandatory preflight check (npm run preflight)...
Self-requested reboot. Closing session...
--- Agent Process Exited with code 0 after 305s ---
